chat-sdk-mod-profile-pictures/build/intermediates/manifest_merge_blame_file/debug/manifest-merger-blame-debug-report.txt
1<?xml version="1.0" encoding="utf-8"?>
2<manifest xmlns:android="http://schemas.android.com/apk/res/android"
3    package="sdk.chat.profile.pictures" >
4
5    <uses-sdk
6        android:minSdkVersion="21"
6-->src\main\AndroidManifest.xml
7        android:targetSdkVersion="29" />
7-->src\main\AndroidManifest.xml
8
9    <application android:label="@string/app_name" >
9-->src\main\AndroidManifest.xml:4:5-7:19
9-->src\main\AndroidManifest.xml:4:18-50
10        <activity
10-->src\main\AndroidManifest.xml:5:9-6:52
11            android:name="sdk.chat.profile.pictures.ProfilePicturesActivity"
11-->src\main\AndroidManifest.xml:5:19-58
12            android:screenOrientation="portrait" />
12-->src\main\AndroidManifest.xml:6:13-49
13    </application>
14
15</manifest>